{"/home/akhmad.lazuardi/my_project/matrix_project/backend-matrix/src/app.controller.ts": {"path":"/home/akhmad.lazuardi/my_project/matrix_project/backend-matrix/src/app.controller.ts","statementMap":{"0":{"start":{"line":1,"column":0},"end":{"line":1,"column":71}},"1":{"start":{"line":2,"column":0},"end":{"line":2,"column":43}},"2":{"start":{"line":3,"column":0},"end":{"line":3,"column":60}},"3":{"start":{"line":4,"column":0},"end":{"line":4,"column":53}},"4":{"start":{"line":7,"column":7},"end":{"line":31,"column":null}},"5":{"start":{"line":8,"column":31},"end":{"line":8,"column":43}},"6":{"start":{"line":12,"column":4},"end":{"line":12,"column":38}},"7":{"start":{"line":18,"column":17},"end":{"line":18,"column":19}},"8":{"start":{"line":19,"column":4},"end":{"line":26,"column":null}},"9":{"start":{"line":20,"column":6},"end":{"line":20,"column":null}},"10":{"start":{"line":22,"column":6},"end":{"line":25,"column":null}},"11":{"start":{"line":27,"column":19},"end":{"line":27,"column":52}},"12":{"start":{"line":29,"column":4},"end":{"line":29,"column":null}},"13":{"start":{"line":10,"column":2},"end":{"line":13,"column":null}},"14":{"start":{"line":15,"column":2},"end":{"line":30,"column":null}},"15":{"start":{"line":7,"column":13},"end":{"line":31,"column":null}},"16":{"start":{"line":7,"column":13},"end":{"line":7,"column":26}}},"fnMap":{"0":{"name":"(anonymous_4)","decl":{"start":{"line":8,"column":2},"end":{"line":8,"column":31}},"loc":{"start":{"line":8,"column":53},"end":{"line":8,"column":57}}},"1":{"name":"(anonymous_5)","decl":{"start":{"line":11,"column":2},"end":{"line":11,"column":10}},"loc":{"start":{"line":11,"column":10},"end":{"line":13,"column":3}}},"2":{"name":"(anonymous_6)","decl":{"start":{"line":17,"column":2},"end":{"line":17,"column":14}},"loc":{"start":{"line":17,"column":28},"end":{"line":30,"column":3}}}},"branchMap":{},"s":{"0":1,"1":1,"2":1,"3":1,"4":1,"5":5,"6":1,"7":4,"8":4,"9":4,"10":1,"11":3,"12":3,"13":1,"14":1,"15":1,"16":1},"f":{"0":5,"1":1,"2":4},"b":{}}
,"/home/akhmad.lazuardi/my_project/matrix_project/backend-matrix/src/app.module.ts": {"path":"/home/akhmad.lazuardi/my_project/matrix_project/backend-matrix/src/app.module.ts","statementMap":{"0":{"start":{"line":1,"column":0},"end":{"line":1,"column":40}},"1":{"start":{"line":2,"column":0},"end":{"line":2,"column":49}},"2":{"start":{"line":3,"column":0},"end":{"line":3,"column":43}},"3":{"start":{"line":4,"column":0},"end":{"line":4,"column":51}},"4":{"start":{"line":5,"column":0},"end":{"line":5,"column":61}},"5":{"start":{"line":6,"column":0},"end":{"line":6,"column":48}},"6":{"start":{"line":7,"column":0},"end":{"line":7,"column":48}},"7":{"start":{"line":8,"column":0},"end":{"line":8,"column":34}},"8":{"start":{"line":33,"column":7},"end":{"line":33,"column":null}},"9":{"start":{"line":33,"column":13},"end":{"line":33,"column":null}},"10":{"start":{"line":15,"column":53},"end":{"line":24,"column":8}},"11":{"start":{"line":33,"column":13},"end":{"line":33,"column":22}}},"fnMap":{"0":{"name":"(anonymous_1)","decl":{"start":{"line":15,"column":18},"end":{"line":15,"column":19}},"loc":{"start":{"line":15,"column":53},"end":{"line":24,"column":8}}}},"branchMap":{},"s":{"0":0,"1":0,"2":0,"3":0,"4":0,"5":0,"6":0,"7":0,"8":0,"9":0,"10":0,"11":0},"f":{"0":0},"b":{}}
,"/home/akhmad.lazuardi/my_project/matrix_project/backend-matrix/src/app.service.ts": {"path":"/home/akhmad.lazuardi/my_project/matrix_project/backend-matrix/src/app.service.ts","statementMap":{"0":{"start":{"line":1,"column":0},"end":{"line":1,"column":44}},"1":{"start":{"line":4,"column":7},"end":{"line":8,"column":null}},"2":{"start":{"line":6,"column":4},"end":{"line":6,"column":26}},"3":{"start":{"line":4,"column":13},"end":{"line":8,"column":null}},"4":{"start":{"line":4,"column":13},"end":{"line":4,"column":23}}},"fnMap":{"0":{"name":"(anonymous_1)","decl":{"start":{"line":5,"column":2},"end":{"line":5,"column":10}},"loc":{"start":{"line":5,"column":10},"end":{"line":7,"column":3}}}},"branchMap":{},"s":{"0":1,"1":1,"2":1,"3":1,"4":1},"f":{"0":1},"b":{}}
,"/home/akhmad.lazuardi/my_project/matrix_project/backend-matrix/src/main.ts": {"path":"/home/akhmad.lazuardi/my_project/matrix_project/backend-matrix/src/main.ts","statementMap":{"0":{"start":{"line":1,"column":0},"end":{"line":1,"column":43}},"1":{"start":{"line":2,"column":0},"end":{"line":2,"column":41}},"2":{"start":{"line":5,"column":14},"end":{"line":5,"column":49}},"3":{"start":{"line":6,"column":2},"end":{"line":6,"column":null}},"4":{"start":{"line":7,"column":2},"end":{"line":7,"column":25}},"5":{"start":{"line":9,"column":0},"end":{"line":9,"column":12}}},"fnMap":{"0":{"name":"bootstrap","decl":{"start":{"line":4,"column":15},"end":{"line":4,"column":24}},"loc":{"start":{"line":4,"column":24},"end":{"line":8,"column":1}}}},"branchMap":{},"s":{"0":0,"1":0,"2":0,"3":0,"4":0,"5":0},"f":{"0":0},"b":{}}
,"/home/akhmad.lazuardi/my_project/matrix_project/backend-matrix/src/auth/auth.module.ts": {"path":"/home/akhmad.lazuardi/my_project/matrix_project/backend-matrix/src/auth/auth.module.ts","statementMap":{"0":{"start":{"line":1,"column":0},"end":{"line":1,"column":40}},"1":{"start":{"line":2,"column":0},"end":{"line":2,"column":59}},"2":{"start":{"line":3,"column":0},"end":{"line":3,"column":52}},"3":{"start":{"line":4,"column":0},"end":{"line":4,"column":60}},"4":{"start":{"line":5,"column":0},"end":{"line":5,"column":50}},"5":{"start":{"line":6,"column":0},"end":{"line":6,"column":68}},"6":{"start":{"line":7,"column":0},"end":{"line":7,"column":40}},"7":{"start":{"line":8,"column":0},"end":{"line":8,"column":42}},"8":{"start":{"line":9,"column":0},"end":{"line":9,"column":56}},"9":{"start":{"line":25,"column":7},"end":{"line":25,"column":null}},"10":{"start":{"line":25,"column":13},"end":{"line":25,"column":null}},"11":{"start":{"line":25,"column":13},"end":{"line":25,"column":23}}},"fnMap":{},"branchMap":{},"s":{"0":0,"1":0,"2":0,"3":0,"4":0,"5":0,"6":0,"7":0,"8":0,"9":0,"10":0,"11":0},"f":{},"b":{}}
,"/home/akhmad.lazuardi/my_project/matrix_project/backend-matrix/src/auth/constants.ts": {"path":"/home/akhmad.lazuardi/my_project/matrix_project/backend-matrix/src/auth/constants.ts","statementMap":{"0":{"start":{"line":1,"column":13},"end":{"line":3,"column":2}}},"fnMap":{},"branchMap":{},"s":{"0":0},"f":{},"b":{}}
,"/home/akhmad.lazuardi/my_project/matrix_project/backend-matrix/src/auth/controllers/auth/auth.controller.ts": {"path":"/home/akhmad.lazuardi/my_project/matrix_project/backend-matrix/src/auth/controllers/auth/auth.controller.ts","statementMap":{"0":{"start":{"line":1,"column":0},"end":{"line":1,"column":75}},"1":{"start":{"line":2,"column":0},"end":{"line":2,"column":63}},"2":{"start":{"line":3,"column":0},"end":{"line":3,"column":63}},"3":{"start":{"line":4,"column":0},"end":{"line":4,"column":59}},"4":{"start":{"line":7,"column":7},"end":{"line":31,"column":null}},"5":{"start":{"line":8,"column":22},"end":{"line":8,"column":35}},"6":{"start":{"line":14,"column":4},"end":{"line":14,"column":51}},"7":{"start":{"line":19,"column":27},"end":{"line":19,"column":50}},"8":{"start":{"line":20,"column":4},"end":{"line":20,"column":56}},"9":{"start":{"line":26,"column":4},"end":{"line":29,"column":6}},"10":{"start":{"line":12,"column":8},"end":{"line":15,"column":null}},"11":{"start":{"line":18,"column":8},"end":{"line":21,"column":null}},"12":{"start":{"line":23,"column":2},"end":{"line":30,"column":null}},"13":{"start":{"line":7,"column":13},"end":{"line":31,"column":null}},"14":{"start":{"line":7,"column":13},"end":{"line":7,"column":27}}},"fnMap":{"0":{"name":"(anonymous_4)","decl":{"start":{"line":8,"column":2},"end":{"line":8,"column":22}},"loc":{"start":{"line":8,"column":46},"end":{"line":8,"column":49}}},"1":{"name":"(anonymous_5)","decl":{"start":{"line":12,"column":2},"end":{"line":12,"column":7}},"loc":{"start":{"line":12,"column":28},"end":{"line":15,"column":3}}},"2":{"name":"(anonymous_6)","decl":{"start":{"line":18,"column":2},"end":{"line":18,"column":7}},"loc":{"start":{"line":18,"column":33},"end":{"line":21,"column":3}}},"3":{"name":"(anonymous_7)","decl":{"start":{"line":25,"column":2},"end":{"line":25,"column":12}},"loc":{"start":{"line":25,"column":27},"end":{"line":30,"column":3}}}},"branchMap":{},"s":{"0":1,"1":1,"2":1,"3":1,"4":1,"5":4,"6":1,"7":1,"8":1,"9":1,"10":1,"11":1,"12":1,"13":1,"14":1},"f":{"0":4,"1":1,"2":1,"3":1},"b":{}}
,"/home/akhmad.lazuardi/my_project/matrix_project/backend-matrix/src/auth/guards/jwt-auth.guard.ts": {"path":"/home/akhmad.lazuardi/my_project/matrix_project/backend-matrix/src/auth/guards/jwt-auth.guard.ts","statementMap":{"0":{"start":{"line":1,"column":0},"end":{"line":1,"column":44}},"1":{"start":{"line":2,"column":0},"end":{"line":2,"column":45}},"2":{"start":{"line":5,"column":7},"end":{"line":5,"column":null}},"3":{"start":{"line":5,"column":13},"end":{"line":5,"column":null}},"4":{"start":{"line":5,"column":13},"end":{"line":5,"column":25}}},"fnMap":{},"branchMap":{},"s":{"0":2,"1":2,"2":2,"3":2,"4":2},"f":{},"b":{}}
,"/home/akhmad.lazuardi/my_project/matrix_project/backend-matrix/src/auth/guards/local-auth.guard.ts": {"path":"/home/akhmad.lazuardi/my_project/matrix_project/backend-matrix/src/auth/guards/local-auth.guard.ts","statementMap":{"0":{"start":{"line":1,"column":0},"end":{"line":1,"column":44}},"1":{"start":{"line":2,"column":0},"end":{"line":2,"column":45}},"2":{"start":{"line":5,"column":7},"end":{"line":5,"column":null}},"3":{"start":{"line":5,"column":13},"end":{"line":5,"column":null}},"4":{"start":{"line":5,"column":13},"end":{"line":5,"column":27}}},"fnMap":{},"branchMap":{},"s":{"0":1,"1":1,"2":1,"3":1,"4":1},"f":{},"b":{}}
,"/home/akhmad.lazuardi/my_project/matrix_project/backend-matrix/src/auth/services/auth/auth.service.ts": {"path":"/home/akhmad.lazuardi/my_project/matrix_project/backend-matrix/src/auth/services/auth/auth.service.ts","statementMap":{"0":{"start":{"line":1,"column":0},"end":{"line":1,"column":44}},"1":{"start":{"line":2,"column":0},"end":{"line":2,"column":75}},"2":{"start":{"line":3,"column":0},"end":{"line":3,"column":33}},"3":{"start":{"line":4,"column":0},"end":{"line":4,"column":41}},"4":{"start":{"line":7,"column":7},"end":{"line":38,"column":null}},"5":{"start":{"line":9,"column":12},"end":{"line":9,"column":26}},"6":{"start":{"line":10,"column":12},"end":{"line":10,"column":24}},"7":{"start":{"line":14,"column":17},"end":{"line":14,"column":59}},"8":{"start":{"line":16,"column":4},"end":{"line":16,"column":34}},"9":{"start":{"line":16,"column":22},"end":{"line":16,"column":34}},"10":{"start":{"line":18,"column":20},"end":{"line":18,"column":61}},"11":{"start":{"line":20,"column":4},"end":{"line":23,"column":null}},"12":{"start":{"line":21,"column":36},"end":{"line":21,"column":40}},"13":{"start":{"line":21,"column":32},"end":{"line":21,"column":36}},"14":{"start":{"line":22,"column":6},"end":{"line":22,"column":null}},"15":{"start":{"line":24,"column":4},"end":{"line":24,"column":null}},"16":{"start":{"line":28,"column":18},"end":{"line":28,"column":20}},"17":{"start":{"line":29,"column":4},"end":{"line":33,"column":null}},"18":{"start":{"line":30,"column":6},"end":{"line":30,"column":null}},"19":{"start":{"line":32,"column":6},"end":{"line":32,"column":53}},"20":{"start":{"line":34,"column":4},"end":{"line":36,"column":null}},"21":{"start":{"line":7,"column":13},"end":{"line":38,"column":null}},"22":{"start":{"line":7,"column":13},"end":{"line":7,"column":24}}},"fnMap":{"0":{"name":"(anonymous_3)","decl":{"start":{"line":8,"column":2},"end":{"line":8,"column":null}},"loc":{"start":{"line":10,"column":34},"end":{"line":11,"column":5}}},"1":{"name":"(anonymous_4)","decl":{"start":{"line":13,"column":2},"end":{"line":13,"column":7}},"loc":{"start":{"line":13,"column":48},"end":{"line":25,"column":3}}},"2":{"name":"(anonymous_5)","decl":{"start":{"line":27,"column":2},"end":{"line":27,"column":7}},"loc":{"start":{"line":27,"column":42},"end":{"line":37,"column":3}}}},"branchMap":{"0":{"loc":{"start":{"line":16,"column":4},"end":{"line":16,"column":34}},"type":"if","locations":[{"start":{"line":16,"column":4},"end":{"line":16,"column":34}}]},"1":{"loc":{"start":{"line":20,"column":4},"end":{"line":23,"column":null}},"type":"if","locations":[{"start":{"line":20,"column":4},"end":{"line":23,"column":null}}]},"2":{"loc":{"start":{"line":29,"column":4},"end":{"line":33,"column":null}},"type":"if","locations":[{"start":{"line":29,"column":4},"end":{"line":33,"column":null}},{"start":{"line":31,"column":9},"end":{"line":33,"column":null}}]}},"s":{"0":2,"1":2,"2":2,"3":2,"4":2,"5":10,"6":10,"7":2,"8":2,"9":1,"10":1,"11":1,"12":0,"13":0,"14":0,"15":1,"16":2,"17":2,"18":1,"19":1,"20":2,"21":2,"22":2},"f":{"0":10,"1":2,"2":2},"b":{"0":[1],"1":[0],"2":[1,1]}}
,"/home/akhmad.lazuardi/my_project/matrix_project/backend-matrix/src/auth/strategies/jwt.strategy.ts": {"path":"/home/akhmad.lazuardi/my_project/matrix_project/backend-matrix/src/auth/strategies/jwt.strategy.ts","statementMap":{"0":{"start":{"line":1,"column":0},"end":{"line":1,"column":52}},"1":{"start":{"line":2,"column":0},"end":{"line":2,"column":52}},"2":{"start":{"line":3,"column":0},"end":{"line":3,"column":44}},"3":{"start":{"line":4,"column":0},"end":{"line":4,"column":44}},"4":{"start":{"line":8,"column":7},"end":{"line":21,"column":null}},"5":{"start":{"line":10,"column":4},"end":{"line":14,"column":7}},"6":{"start":{"line":19,"column":4},"end":{"line":19,"column":63}},"7":{"start":{"line":8,"column":13},"end":{"line":21,"column":null}},"8":{"start":{"line":8,"column":13},"end":{"line":8,"column":24}}},"fnMap":{"0":{"name":"(anonymous_2)","decl":{"start":{"line":9,"column":2},"end":{"line":9,"column":null}},"loc":{"start":{"line":9,"column":2},"end":{"line":15,"column":3}}},"1":{"name":"(anonymous_3)","decl":{"start":{"line":17,"column":2},"end":{"line":17,"column":7}},"loc":{"start":{"line":17,"column":29},"end":{"line":20,"column":3}}}},"branchMap":{},"s":{"0":0,"1":0,"2":0,"3":0,"4":0,"5":0,"6":0,"7":0,"8":0},"f":{"0":0,"1":0},"b":{}}
,"/home/akhmad.lazuardi/my_project/matrix_project/backend-matrix/src/auth/strategies/local.strategy.ts": {"path":"/home/akhmad.lazuardi/my_project/matrix_project/backend-matrix/src/auth/strategies/local.strategy.ts","statementMap":{"0":{"start":{"line":1,"column":0},"end":{"line":1,"column":42}},"1":{"start":{"line":2,"column":0},"end":{"line":2,"column":52}},"2":{"start":{"line":3,"column":0},"end":{"line":3,"column":67}},"3":{"start":{"line":4,"column":0},"end":{"line":4,"column":60}},"4":{"start":{"line":8,"column":7},"end":{"line":21,"column":null}},"5":{"start":{"line":10,"column":4},"end":{"line":10,"column":12}},"6":{"start":{"line":9,"column":22},"end":{"line":9,"column":35}},"7":{"start":{"line":14,"column":17},"end":{"line":14,"column":72}},"8":{"start":{"line":16,"column":4},"end":{"line":18,"column":null}},"9":{"start":{"line":17,"column":6},"end":{"line":17,"column":40}},"10":{"start":{"line":19,"column":4},"end":{"line":19,"column":16}},"11":{"start":{"line":8,"column":13},"end":{"line":21,"column":null}},"12":{"start":{"line":8,"column":13},"end":{"line":8,"column":26}}},"fnMap":{"0":{"name":"(anonymous_2)","decl":{"start":{"line":9,"column":2},"end":{"line":9,"column":22}},"loc":{"start":{"line":9,"column":46},"end":{"line":11,"column":3}}},"1":{"name":"(anonymous_3)","decl":{"start":{"line":13,"column":2},"end":{"line":13,"column":7}},"loc":{"start":{"line":13,"column":51},"end":{"line":20,"column":3}}}},"branchMap":{"0":{"loc":{"start":{"line":16,"column":4},"end":{"line":18,"column":null}},"type":"if","locations":[{"start":{"line":16,"column":4},"end":{"line":18,"column":null}}]}},"s":{"0":0,"1":0,"2":0,"3":0,"4":0,"5":0,"6":0,"7":0,"8":0,"9":0,"10":0,"11":0,"12":0},"f":{"0":0,"1":0},"b":{"0":[0]}}
,"/home/akhmad.lazuardi/my_project/matrix_project/backend-matrix/src/entities/index.ts": {"path":"/home/akhmad.lazuardi/my_project/matrix_project/backend-matrix/src/entities/index.ts","statementMap":{"0":{"start":{"line":1,"column":0},"end":{"line":1,"column":9}},"1":{"start":{"line":5,"column":8},"end":{"line":1,"column":37}},"2":{"start":{"line":4,"column":17},"end":{"line":4,"column":24}},"3":{"start":{"line":6,"column":0},"end":{"line":6,"column":24}}},"fnMap":{"0":{"name":"(anonymous_0)","decl":{"start":{"line":5,"column":8},"end":{"line":5,"column":12}},"loc":{"start":{"line":5,"column":8},"end":{"line":1,"column":37}}}},"branchMap":{},"s":{"0":4,"1":16,"2":4,"3":4},"f":{"0":12},"b":{}}
,"/home/akhmad.lazuardi/my_project/matrix_project/backend-matrix/src/entities/user.entity.ts": {"path":"/home/akhmad.lazuardi/my_project/matrix_project/backend-matrix/src/entities/user.entity.ts","statementMap":{"0":{"start":{"line":1,"column":0},"end":{"line":1,"column":79}},"1":{"start":{"line":5,"column":7},"end":{"line":23,"column":null}},"2":{"start":{"line":6,"column":2},"end":{"line":9,"column":null}},"3":{"start":{"line":11,"column":2},"end":{"line":16,"column":null}},"4":{"start":{"line":18,"column":2},"end":{"line":22,"column":null}},"5":{"start":{"line":5,"column":13},"end":{"line":23,"column":null}},"6":{"start":{"line":5,"column":13},"end":{"line":5,"column":17}}},"fnMap":{},"branchMap":{},"s":{"0":4,"1":4,"2":4,"3":4,"4":4,"5":4,"6":4},"f":{},"b":{}}
,"/home/akhmad.lazuardi/my_project/matrix_project/backend-matrix/src/helpers/solver.helper.ts": {"path":"/home/akhmad.lazuardi/my_project/matrix_project/backend-matrix/src/helpers/solver.helper.ts","statementMap":{"0":{"start":{"line":1,"column":0},"end":{"line":1,"column":25}},"1":{"start":{"line":3,"column":16},"end":{"line":3,"column":20}},"2":{"start":{"line":4,"column":15},"end":{"line":4,"column":19}},"3":{"start":{"line":5,"column":2},"end":{"line":24,"column":null}},"4":{"start":{"line":5,"column":20},"end":{"line":5,"column":21}},"5":{"start":{"line":6,"column":4},"end":{"line":23,"column":null}},"6":{"start":{"line":6,"column":22},"end":{"line":6,"column":23}},"7":{"start":{"line":7,"column":6},"end":{"line":14,"column":null}},"8":{"start":{"line":8,"column":8},"end":{"line":12,"column":10}},"9":{"start":{"line":13,"column":8},"end":{"line":13,"column":14}},"10":{"start":{"line":15,"column":6},"end":{"line":21,"column":null}},"11":{"start":{"line":16,"column":8},"end":{"line":20,"column":10}},"12":{"start":{"line":22,"column":6},"end":{"line":22,"column":39}},"13":{"start":{"line":26,"column":2},"end":{"line":32,"column":null}},"14":{"start":{"line":27,"column":4},"end":{"line":31,"column":6}},"15":{"start":{"line":33,"column":2},"end":{"line":33,"column":41}},"16":{"start":{"line":34,"column":2},"end":{"line":34,"column":16}},"17":{"start":{"line":2,"column":0},"end":{"line":2,"column":16}},"18":{"start":{"line":38,"column":15},"end":{"line":38,"column":19}},"19":{"start":{"line":39,"column":2},"end":{"line":52,"column":null}},"20":{"start":{"line":40,"column":16},"end":{"line":40,"column":48}},"21":{"start":{"line":43,"column":4},"end":{"line":51,"column":27}},"22":{"start":{"line":44,"column":6},"end":{"line":48,"column":8}},"23":{"start":{"line":49,"column":6},"end":{"line":49,"column":13}},"24":{"start":{"line":50,"column":11},"end":{"line":51,"column":27}},"25":{"start":{"line":50,"column":42},"end":{"line":50,"column":61}},"26":{"start":{"line":51,"column":9},"end":{"line":51,"column":27}},"27":{"start":{"line":55,"column":2},"end":{"line":59,"column":4}},"28":{"start":{"line":67,"column":2},"end":{"line":69,"column":null}},"29":{"start":{"line":68,"column":4},"end":{"line":68,"column":65}},"30":{"start":{"line":74,"column":14},"end":{"line":74,"column":15}},"31":{"start":{"line":75,"column":15},"end":{"line":75,"column":29}},"32":{"start":{"line":76,"column":14},"end":{"line":76,"column":43}},"33":{"start":{"line":78,"column":2},"end":{"line":90,"column":null}},"34":{"start":{"line":79,"column":16},"end":{"line":79,"column":48}},"35":{"start":{"line":82,"column":4},"end":{"line":89,"column":23}},"36":{"start":{"line":83,"column":6},"end":{"line":87,"column":8}},"37":{"start":{"line":88,"column":11},"end":{"line":89,"column":23}},"38":{"start":{"line":88,"column":46},"end":{"line":88,"column":61}},"39":{"start":{"line":89,"column":9},"end":{"line":89,"column":23}},"40":{"start":{"line":94,"column":2},"end":{"line":116,"column":84}},"41":{"start":{"line":95,"column":4},"end":{"line":99,"column":6}},"42":{"start":{"line":100,"column":7},"end":{"line":116,"column":84}},"43":{"start":{"line":101,"column":4},"end":{"line":105,"column":6}},"44":{"start":{"line":107,"column":7},"end":{"line":116,"column":84}},"45":{"start":{"line":108,"column":4},"end":{"line":108,"column":61}},"46":{"start":{"line":110,"column":7},"end":{"line":116,"column":84}},"47":{"start":{"line":111,"column":2},"end":{"line":111,"column":75}},"48":{"start":{"line":113,"column":7},"end":{"line":116,"column":84}},"49":{"start":{"line":114,"column":2},"end":{"line":114,"column":63}},"50":{"start":{"line":116,"column":7},"end":{"line":116,"column":84}},"51":{"start":{"line":65,"column":0},"end":{"line":65,"column":16}},"52":{"start":{"line":120,"column":15},"end":{"line":120,"column":35}},"53":{"start":{"line":121,"column":17},"end":{"line":121,"column":27}},"54":{"start":{"line":122,"column":19},"end":{"line":122,"column":144}},"55":{"start":{"line":124,"column":15},"end":{"line":130,"column":4}},"56":{"start":{"line":132,"column":2},"end":{"line":138,"column":4}},"57":{"start":{"line":136,"column":6},"end":{"line":136,"column":25}},"58":{"start":{"line":136,"column":15},"end":{"line":136,"column":25}}},"fnMap":{"0":{"name":"bruteForce","decl":{"start":{"line":2,"column":16},"end":{"line":2,"column":26}},"loc":{"start":{"line":2,"column":54},"end":{"line":35,"column":1}}},"1":{"name":"binarySearch","decl":{"start":{"line":37,"column":9},"end":{"line":37,"column":21}},"loc":{"start":{"line":37,"column":54},"end":{"line":60,"column":1}}},"2":{"name":"sortedMatrixSearch","decl":{"start":{"line":65,"column":16},"end":{"line":65,"column":34}},"loc":{"start":{"line":65,"column":76},"end":{"line":117,"column":1}}},"3":{"name":"createJsonFile","decl":{"start":{"line":119,"column":9},"end":{"line":119,"column":23}},"loc":{"start":{"line":119,"column":46},"end":{"line":139,"column":1}}},"4":{"name":"(anonymous_4)","decl":{"start":{"line":135,"column":4},"end":{"line":135,"column":14}},"loc":{"start":{"line":135,"column":17},"end":{"line":137,"column":5}}}},"branchMap":{"0":{"loc":{"start":{"line":7,"column":6},"end":{"line":14,"column":null}},"type":"if","locations":[{"start":{"line":7,"column":6},"end":{"line":14,"column":null}}]},"1":{"loc":{"start":{"line":7,"column":10},"end":{"line":7,"column":61}},"type":"binary-expr","locations":[{"start":{"line":7,"column":10},"end":{"line":7,"column":25}},{"start":{"line":7,"column":29},"end":{"line":7,"column":61}}]},"2":{"loc":{"start":{"line":15,"column":6},"end":{"line":21,"column":null}},"type":"if","locations":[{"start":{"line":15,"column":6},"end":{"line":21,"column":null}}]},"3":{"loc":{"start":{"line":26,"column":2},"end":{"line":32,"column":null}},"type":"if","locations":[{"start":{"line":26,"column":2},"end":{"line":32,"column":null}}]},"4":{"loc":{"start":{"line":43,"column":4},"end":{"line":51,"column":27}},"type":"if","locations":[{"start":{"line":43,"column":4},"end":{"line":51,"column":27}},{"start":{"line":50,"column":11},"end":{"line":51,"column":27}}]},"5":{"loc":{"start":{"line":50,"column":11},"end":{"line":51,"column":27}},"type":"if","locations":[{"start":{"line":50,"column":11},"end":{"line":51,"column":27}},{"start":{"line":51,"column":9},"end":{"line":51,"column":27}}]},"6":{"loc":{"start":{"line":67,"column":2},"end":{"line":69,"column":null}},"type":"if","locations":[{"start":{"line":67,"column":2},"end":{"line":69,"column":null}}]},"7":{"loc":{"start":{"line":82,"column":4},"end":{"line":89,"column":23}},"type":"if","locations":[{"start":{"line":82,"column":4},"end":{"line":89,"column":23}},{"start":{"line":88,"column":11},"end":{"line":89,"column":23}}]},"8":{"loc":{"start":{"line":88,"column":11},"end":{"line":89,"column":23}},"type":"if","locations":[{"start":{"line":88,"column":11},"end":{"line":89,"column":23}},{"start":{"line":89,"column":9},"end":{"line":89,"column":23}}]},"9":{"loc":{"start":{"line":94,"column":2},"end":{"line":116,"column":84}},"type":"if","locations":[{"start":{"line":94,"column":2},"end":{"line":116,"column":84}},{"start":{"line":100,"column":7},"end":{"line":116,"column":84}}]},"10":{"loc":{"start":{"line":100,"column":7},"end":{"line":116,"column":84}},"type":"if","locations":[{"start":{"line":100,"column":7},"end":{"line":116,"column":84}},{"start":{"line":107,"column":7},"end":{"line":116,"column":84}}]},"11":{"loc":{"start":{"line":107,"column":7},"end":{"line":116,"column":84}},"type":"if","locations":[{"start":{"line":107,"column":7},"end":{"line":116,"column":84}},{"start":{"line":110,"column":7},"end":{"line":116,"column":84}}]},"12":{"loc":{"start":{"line":110,"column":7},"end":{"line":116,"column":84}},"type":"if","locations":[{"start":{"line":110,"column":7},"end":{"line":116,"column":84}},{"start":{"line":113,"column":7},"end":{"line":116,"column":84}}]},"13":{"loc":{"start":{"line":110,"column":11},"end":{"line":110,"column":91}},"type":"binary-expr","locations":[{"start":{"line":110,"column":11},"end":{"line":110,"column":45}},{"start":{"line":110,"column":49},"end":{"line":110,"column":91}}]},"14":{"loc":{"start":{"line":113,"column":7},"end":{"line":116,"column":84}},"type":"if","locations":[{"start":{"line":113,"column":7},"end":{"line":116,"column":84}},{"start":{"line":116,"column":7},"end":{"line":116,"column":84}}]},"15":{"loc":{"start":{"line":136,"column":6},"end":{"line":136,"column":25}},"type":"if","locations":[{"start":{"line":136,"column":6},"end":{"line":136,"column":25}}]}},"s":{"0":2,"1":3,"2":3,"3":3,"4":3,"5":9,"6":9,"7":33,"8":1,"9":1,"10":32,"11":1,"12":32,"13":3,"14":1,"15":3,"16":3,"17":2,"18":1,"19":1,"20":2,"21":2,"22":0,"23":0,"24":2,"25":1,"26":1,"27":1,"28":2,"29":0,"30":2,"31":2,"32":2,"33":2,"34":2,"35":2,"36":0,"37":2,"38":2,"39":0,"40":2,"41":1,"42":1,"43":0,"44":1,"45":0,"46":1,"47":1,"48":0,"49":0,"50":0,"51":2,"52":3,"53":3,"54":3,"55":3,"56":3,"57":0,"58":0},"f":{"0":3,"1":1,"2":2,"3":3,"4":0},"b":{"0":[1],"1":[33,30],"2":[1],"3":[1],"4":[0,2],"5":[1,1],"6":[0],"7":[0,2],"8":[2,0],"9":[1,1],"10":[0,1],"11":[0,1],"12":[1,0],"13":[1,1],"14":[0,0],"15":[0]}}
,"/home/akhmad.lazuardi/my_project/matrix_project/backend-matrix/src/users/users.module.ts": {"path":"/home/akhmad.lazuardi/my_project/matrix_project/backend-matrix/src/users/users.module.ts","statementMap":{"0":{"start":{"line":1,"column":0},"end":{"line":1,"column":40}},"1":{"start":{"line":2,"column":0},"end":{"line":2,"column":71}},"2":{"start":{"line":3,"column":0},"end":{"line":3,"column":62}},"3":{"start":{"line":4,"column":0},"end":{"line":4,"column":48}},"4":{"start":{"line":5,"column":0},"end":{"line":5,"column":35}},"5":{"start":{"line":13,"column":7},"end":{"line":13,"column":null}},"6":{"start":{"line":13,"column":13},"end":{"line":13,"column":null}},"7":{"start":{"line":13,"column":13},"end":{"line":13,"column":24}}},"fnMap":{},"branchMap":{},"s":{"0":0,"1":0,"2":0,"3":0,"4":0,"5":0,"6":0,"7":0},"f":{},"b":{}}
,"/home/akhmad.lazuardi/my_project/matrix_project/backend-matrix/src/users/controllers/users/users.controller.ts": {"path":"/home/akhmad.lazuardi/my_project/matrix_project/backend-matrix/src/users/controllers/users/users.controller.ts","statementMap":{"0":{"start":{"line":1,"column":0},"end":{"line":1,"column":129}},"1":{"start":{"line":2,"column":0},"end":{"line":2,"column":54}},"2":{"start":{"line":3,"column":0},"end":{"line":3,"column":66}},"3":{"start":{"line":6,"column":7},"end":{"line":21,"column":null}},"4":{"start":{"line":7,"column":31},"end":{"line":7,"column":44}},"5":{"start":{"line":12,"column":25},"end":{"line":12,"column":80}},"6":{"start":{"line":13,"column":4},"end":{"line":15,"column":null}},"7":{"start":{"line":14,"column":6},"end":{"line":14,"column":59}},"8":{"start":{"line":16,"column":4},"end":{"line":16,"column":47}},"9":{"start":{"line":17,"column":4},"end":{"line":19,"column":null}},"10":{"start":{"line":11,"column":8},"end":{"line":20,"column":null}},"11":{"start":{"line":6,"column":13},"end":{"line":21,"column":null}},"12":{"start":{"line":6,"column":13},"end":{"line":6,"column":28}}},"fnMap":{"0":{"name":"(anonymous_4)","decl":{"start":{"line":7,"column":2},"end":{"line":7,"column":31}},"loc":{"start":{"line":7,"column":56},"end":{"line":7,"column":60}}},"1":{"name":"(anonymous_5)","decl":{"start":{"line":11,"column":2},"end":{"line":11,"column":7}},"loc":{"start":{"line":11,"column":56},"end":{"line":20,"column":3}}}},"branchMap":{"0":{"loc":{"start":{"line":13,"column":4},"end":{"line":15,"column":null}},"type":"if","locations":[{"start":{"line":13,"column":4},"end":{"line":15,"column":null}}]}},"s":{"0":1,"1":1,"2":1,"3":1,"4":4,"5":2,"6":2,"7":1,"8":1,"9":1,"10":1,"11":1,"12":1},"f":{"0":4,"1":2},"b":{"0":[1]}}
,"/home/akhmad.lazuardi/my_project/matrix_project/backend-matrix/src/users/dtos/users.dtos.ts": {"path":"/home/akhmad.lazuardi/my_project/matrix_project/backend-matrix/src/users/dtos/users.dtos.ts","statementMap":{"0":{"start":{"line":1,"column":0},"end":{"line":1,"column":65}},"1":{"start":{"line":8,"column":2},"end":{"line":10,"column":null}},"2":{"start":{"line":12,"column":2},"end":{"line":14,"column":null}},"3":{"start":{"line":3,"column":0},"end":{"line":3,"column":13}}},"fnMap":{},"branchMap":{},"s":{"0":1,"1":1,"2":1,"3":1},"f":{},"b":{}}
,"/home/akhmad.lazuardi/my_project/matrix_project/backend-matrix/src/users/services/users/users.service.ts": {"path":"/home/akhmad.lazuardi/my_project/matrix_project/backend-matrix/src/users/services/users/users.service.ts","statementMap":{"0":{"start":{"line":1,"column":0},"end":{"line":1,"column":44}},"1":{"start":{"line":2,"column":0},"end":{"line":2,"column":51}},"2":{"start":{"line":3,"column":0},"end":{"line":3,"column":47}},"3":{"start":{"line":4,"column":0},"end":{"line":4,"column":37}},"4":{"start":{"line":6,"column":0},"end":{"line":6,"column":32}},"5":{"start":{"line":8,"column":7},"end":{"line":25,"column":null}},"6":{"start":{"line":10,"column":45},"end":{"line":10,"column":61}},"7":{"start":{"line":14,"column":18},"end":{"line":14,"column":63}},"8":{"start":{"line":15,"column":4},"end":{"line":15,"column":null}},"9":{"start":{"line":17,"column":20},"end":{"line":17,"column":61}},"10":{"start":{"line":19,"column":4},"end":{"line":19,"column":45}},"11":{"start":{"line":23,"column":4},"end":{"line":23,"column":null}},"12":{"start":{"line":8,"column":13},"end":{"line":25,"column":null}},"13":{"start":{"line":8,"column":13},"end":{"line":8,"column":25}}},"fnMap":{"0":{"name":"(anonymous_4)","decl":{"start":{"line":9,"column":2},"end":{"line":9,"column":null}},"loc":{"start":{"line":10,"column":77},"end":{"line":11,"column":6}}},"1":{"name":"(anonymous_5)","decl":{"start":{"line":13,"column":2},"end":{"line":13,"column":7}},"loc":{"start":{"line":13,"column":47},"end":{"line":20,"column":3}}},"2":{"name":"(anonymous_6)","decl":{"start":{"line":22,"column":2},"end":{"line":22,"column":13}},"loc":{"start":{"line":22,"column":27},"end":{"line":24,"column":3}}}},"branchMap":{},"s":{"0":4,"1":4,"2":4,"3":4,"4":4,"5":4,"6":8,"7":1,"8":1,"9":1,"10":1,"11":1,"12":4,"13":4},"f":{"0":8,"1":1,"2":1},"b":{}}
}
