{"/home/akhmad.lazuardi/my_project/matrix_project/backend-matrix/src/app.controller.ts": {"path":"/home/akhmad.lazuardi/my_project/matrix_project/backend-matrix/src/app.controller.ts","statementMap":{"0":{"start":{"line":1,"column":0},"end":{"line":1,"column":71}},"1":{"start":{"line":2,"column":0},"end":{"line":2,"column":43}},"2":{"start":{"line":3,"column":0},"end":{"line":3,"column":60}},"3":{"start":{"line":4,"column":0},"end":{"line":4,"column":53}},"4":{"start":{"line":7,"column":7},"end":{"line":31,"column":null}},"5":{"start":{"line":8,"column":31},"end":{"line":8,"column":43}},"6":{"start":{"line":12,"column":4},"end":{"line":12,"column":38}},"7":{"start":{"line":18,"column":17},"end":{"line":18,"column":19}},"8":{"start":{"line":19,"column":4},"end":{"line":26,"column":null}},"9":{"start":{"line":20,"column":6},"end":{"line":20,"column":null}},"10":{"start":{"line":22,"column":6},"end":{"line":25,"column":null}},"11":{"start":{"line":27,"column":19},"end":{"line":27,"column":52}},"12":{"start":{"line":29,"column":4},"end":{"line":29,"column":null}},"13":{"start":{"line":10,"column":2},"end":{"line":13,"column":null}},"14":{"start":{"line":15,"column":2},"end":{"line":30,"column":null}},"15":{"start":{"line":7,"column":13},"end":{"line":31,"column":null}},"16":{"start":{"line":7,"column":13},"end":{"line":7,"column":26}}},"fnMap":{"0":{"name":"(anonymous_4)","decl":{"start":{"line":8,"column":2},"end":{"line":8,"column":31}},"loc":{"start":{"line":8,"column":53},"end":{"line":8,"column":57}}},"1":{"name":"(anonymous_5)","decl":{"start":{"line":11,"column":2},"end":{"line":11,"column":10}},"loc":{"start":{"line":11,"column":10},"end":{"line":13,"column":3}}},"2":{"name":"(anonymous_6)","decl":{"start":{"line":17,"column":2},"end":{"line":17,"column":14}},"loc":{"start":{"line":17,"column":28},"end":{"line":30,"column":3}}}},"branchMap":{},"s":{"0":1,"1":1,"2":1,"3":1,"4":1,"5":5,"6":1,"7":4,"8":4,"9":4,"10":1,"11":3,"12":3,"13":1,"14":1,"15":1,"16":1},"f":{"0":5,"1":1,"2":4},"b":{}}
,"/home/akhmad.lazuardi/my_project/matrix_project/backend-matrix/src/app.module.ts": {"path":"/home/akhmad.lazuardi/my_project/matrix_project/backend-matrix/src/app.module.ts","statementMap":{"0":{"start":{"line":1,"column":0},"end":{"line":1,"column":40}},"1":{"start":{"line":2,"column":0},"end":{"line":2,"column":49}},"2":{"start":{"line":3,"column":0},"end":{"line":3,"column":43}},"3":{"start":{"line":4,"column":0},"end":{"line":4,"column":51}},"4":{"start":{"line":5,"column":0},"end":{"line":5,"column":61}},"5":{"start":{"line":6,"column":0},"end":{"line":6,"column":48}},"6":{"start":{"line":7,"column":0},"end":{"line":7,"column":48}},"7":{"start":{"line":8,"column":0},"end":{"line":8,"column":34}},"8":{"start":{"line":33,"column":7},"end":{"line":33,"column":null}},"9":{"start":{"line":33,"column":13},"end":{"line":33,"column":null}},"10":{"start":{"line":15,"column":53},"end":{"line":24,"column":8}},"11":{"start":{"line":33,"column":13},"end":{"line":33,"column":22}}},"fnMap":{"0":{"name":"(anonymous_1)","decl":{"start":{"line":15,"column":18},"end":{"line":15,"column":19}},"loc":{"start":{"line":15,"column":53},"end":{"line":24,"column":8}}}},"branchMap":{},"s":{"0":0,"1":0,"2":0,"3":0,"4":0,"5":0,"6":0,"7":0,"8":0,"9":0,"10":0,"11":0},"f":{"0":0},"b":{}}
,"/home/akhmad.lazuardi/my_project/matrix_project/backend-matrix/src/app.service.ts": {"path":"/home/akhmad.lazuardi/my_project/matrix_project/backend-matrix/src/app.service.ts","statementMap":{"0":{"start":{"line":1,"column":0},"end":{"line":1,"column":44}},"1":{"start":{"line":4,"column":7},"end":{"line":8,"column":null}},"2":{"start":{"line":6,"column":4},"end":{"line":6,"column":26}},"3":{"start":{"line":4,"column":13},"end":{"line":8,"column":null}},"4":{"start":{"line":4,"column":13},"end":{"line":4,"column":23}}},"fnMap":{"0":{"name":"(anonymous_1)","decl":{"start":{"line":5,"column":2},"end":{"line":5,"column":10}},"loc":{"start":{"line":5,"column":10},"end":{"line":7,"column":3}}}},"branchMap":{},"s":{"0":1,"1":1,"2":1,"3":1,"4":1},"f":{"0":1},"b":{}}
,"/home/akhmad.lazuardi/my_project/matrix_project/backend-matrix/src/main.ts": {"path":"/home/akhmad.lazuardi/my_project/matrix_project/backend-matrix/src/main.ts","statementMap":{"0":{"start":{"line":1,"column":0},"end":{"line":1,"column":43}},"1":{"start":{"line":2,"column":0},"end":{"line":2,"column":41}},"2":{"start":{"line":5,"column":14},"end":{"line":5,"column":49}},"3":{"start":{"line":6,"column":2},"end":{"line":6,"column":null}},"4":{"start":{"line":7,"column":2},"end":{"line":7,"column":25}},"5":{"start":{"line":9,"column":0},"end":{"line":9,"column":12}}},"fnMap":{"0":{"name":"bootstrap","decl":{"start":{"line":4,"column":15},"end":{"line":4,"column":24}},"loc":{"start":{"line":4,"column":24},"end":{"line":8,"column":1}}}},"branchMap":{},"s":{"0":0,"1":0,"2":0,"3":0,"4":0,"5":0},"f":{"0":0},"b":{}}
,"/home/akhmad.lazuardi/my_project/matrix_project/backend-matrix/src/auth/auth.module.ts": {"path":"/home/akhmad.lazuardi/my_project/matrix_project/backend-matrix/src/auth/auth.module.ts","statementMap":{"0":{"start":{"line":1,"column":0},"end":{"line":1,"column":40}},"1":{"start":{"line":2,"column":0},"end":{"line":2,"column":59}},"2":{"start":{"line":3,"column":0},"end":{"line":3,"column":52}},"3":{"start":{"line":4,"column":0},"end":{"line":4,"column":60}},"4":{"start":{"line":5,"column":0},"end":{"line":5,"column":50}},"5":{"start":{"line":6,"column":0},"end":{"line":6,"column":68}},"6":{"start":{"line":7,"column":0},"end":{"line":7,"column":40}},"7":{"start":{"line":8,"column":0},"end":{"line":8,"column":42}},"8":{"start":{"line":9,"column":0},"end":{"line":9,"column":56}},"9":{"start":{"line":25,"column":7},"end":{"line":25,"column":null}},"10":{"start":{"line":25,"column":13},"end":{"line":25,"column":null}},"11":{"start":{"line":25,"column":13},"end":{"line":25,"column":23}}},"fnMap":{},"branchMap":{},"s":{"0":0,"1":0,"2":0,"3":0,"4":0,"5":0,"6":0,"7":0,"8":0,"9":0,"10":0,"11":0},"f":{},"b":{}}
,"/home/akhmad.lazuardi/my_project/matrix_project/backend-matrix/src/auth/constants.ts": {"path":"/home/akhmad.lazuardi/my_project/matrix_project/backend-matrix/src/auth/constants.ts","statementMap":{"0":{"start":{"line":1,"column":13},"end":{"line":3,"column":2}}},"fnMap":{},"branchMap":{},"s":{"0":0},"f":{},"b":{}}
,"/home/akhmad.lazuardi/my_project/matrix_project/backend-matrix/src/auth/controllers/auth/auth.controller.ts": {"path":"/home/akhmad.lazuardi/my_project/matrix_project/backend-matrix/src/auth/controllers/auth/auth.controller.ts","statementMap":{"0":{"start":{"line":1,"column":0},"end":{"line":1,"column":75}},"1":{"start":{"line":2,"column":0},"end":{"line":2,"column":63}},"2":{"start":{"line":3,"column":0},"end":{"line":3,"column":63}},"3":{"start":{"line":4,"column":0},"end":{"line":4,"column":59}},"4":{"start":{"line":7,"column":7},"end":{"line":31,"column":null}},"5":{"start":{"line":8,"column":22},"end":{"line":8,"column":35}},"6":{"start":{"line":14,"column":4},"end":{"line":14,"column":51}},"7":{"start":{"line":19,"column":27},"end":{"line":19,"column":50}},"8":{"start":{"line":20,"column":4},"end":{"line":20,"column":56}},"9":{"start":{"line":26,"column":4},"end":{"line":29,"column":6}},"10":{"start":{"line":12,"column":8},"end":{"line":15,"column":null}},"11":{"start":{"line":18,"column":8},"end":{"line":21,"column":null}},"12":{"start":{"line":23,"column":2},"end":{"line":30,"column":null}},"13":{"start":{"line":7,"column":13},"end":{"line":31,"column":null}},"14":{"start":{"line":7,"column":13},"end":{"line":7,"column":27}}},"fnMap":{"0":{"name":"(anonymous_4)","decl":{"start":{"line":8,"column":2},"end":{"line":8,"column":22}},"loc":{"start":{"line":8,"column":46},"end":{"line":8,"column":49}}},"1":{"name":"(anonymous_5)","decl":{"start":{"line":12,"column":2},"end":{"line":12,"column":7}},"loc":{"start":{"line":12,"column":28},"end":{"line":15,"column":3}}},"2":{"name":"(anonymous_6)","decl":{"start":{"line":18,"column":2},"end":{"line":18,"column":7}},"loc":{"start":{"line":18,"column":33},"end":{"line":21,"column":3}}},"3":{"name":"(anonymous_7)","decl":{"start":{"line":25,"column":2},"end":{"line":25,"column":12}},"loc":{"start":{"line":25,"column":27},"end":{"line":30,"column":3}}}},"branchMap":{},"s":{"0":1,"1":1,"2":1,"3":1,"4":1,"5":4,"6":1,"7":1,"8":1,"9":1,"10":1,"11":1,"12":1,"13":1,"14":1},"f":{"0":4,"1":1,"2":1,"3":1},"b":{}}
,"/home/akhmad.lazuardi/my_project/matrix_project/backend-matrix/src/auth/guards/jwt-auth.guard.ts": {"path":"/home/akhmad.lazuardi/my_project/matrix_project/backend-matrix/src/auth/guards/jwt-auth.guard.ts","statementMap":{"0":{"start":{"line":1,"column":0},"end":{"line":1,"column":44}},"1":{"start":{"line":2,"column":0},"end":{"line":2,"column":45}},"2":{"start":{"line":5,"column":7},"end":{"line":5,"column":null}},"3":{"start":{"line":5,"column":13},"end":{"line":5,"column":null}},"4":{"start":{"line":5,"column":13},"end":{"line":5,"column":25}}},"fnMap":{},"branchMap":{},"s":{"0":2,"1":2,"2":2,"3":2,"4":2},"f":{},"b":{}}
,"/home/akhmad.lazuardi/my_project/matrix_project/backend-matrix/src/auth/guards/local-auth.guard.ts": {"path":"/home/akhmad.lazuardi/my_project/matrix_project/backend-matrix/src/auth/guards/local-auth.guard.ts","statementMap":{"0":{"start":{"line":1,"column":0},"end":{"line":1,"column":44}},"1":{"start":{"line":2,"column":0},"end":{"line":2,"column":45}},"2":{"start":{"line":5,"column":7},"end":{"line":5,"column":null}},"3":{"start":{"line":5,"column":13},"end":{"line":5,"column":null}},"4":{"start":{"line":5,"column":13},"end":{"line":5,"column":27}}},"fnMap":{},"branchMap":{},"s":{"0":1,"1":1,"2":1,"3":1,"4":1},"f":{},"b":{}}
,"/home/akhmad.lazuardi/my_project/matrix_project/backend-matrix/src/auth/services/auth/auth.service.ts": {"path":"/home/akhmad.lazuardi/my_project/matrix_project/backend-matrix/src/auth/services/auth/auth.service.ts","statementMap":{"0":{"start":{"line":1,"column":0},"end":{"line":1,"column":44}},"1":{"start":{"line":2,"column":0},"end":{"line":2,"column":75}},"2":{"start":{"line":3,"column":0},"end":{"line":3,"column":33}},"3":{"start":{"line":4,"column":0},"end":{"line":4,"column":41}},"4":{"start":{"line":7,"column":7},"end":{"line":38,"column":null}},"5":{"start":{"line":9,"column":12},"end":{"line":9,"column":26}},"6":{"start":{"line":10,"column":12},"end":{"line":10,"column":24}},"7":{"start":{"line":14,"column":17},"end":{"line":14,"column":59}},"8":{"start":{"line":16,"column":4},"end":{"line":16,"column":34}},"9":{"start":{"line":16,"column":22},"end":{"line":16,"column":34}},"10":{"start":{"line":18,"column":20},"end":{"line":18,"column":61}},"11":{"start":{"line":20,"column":4},"end":{"line":23,"column":null}},"12":{"start":{"line":21,"column":36},"end":{"line":21,"column":40}},"13":{"start":{"line":21,"column":32},"end":{"line":21,"column":36}},"14":{"start":{"line":22,"column":6},"end":{"line":22,"column":null}},"15":{"start":{"line":24,"column":4},"end":{"line":24,"column":null}},"16":{"start":{"line":28,"column":18},"end":{"line":28,"column":20}},"17":{"start":{"line":29,"column":4},"end":{"line":33,"column":null}},"18":{"start":{"line":30,"column":6},"end":{"line":30,"column":null}},"19":{"start":{"line":32,"column":6},"end":{"line":32,"column":53}},"20":{"start":{"line":34,"column":4},"end":{"line":36,"column":null}},"21":{"start":{"line":7,"column":13},"end":{"line":38,"column":null}},"22":{"start":{"line":7,"column":13},"end":{"line":7,"column":24}}},"fnMap":{"0":{"name":"(anonymous_3)","decl":{"start":{"line":8,"column":2},"end":{"line":8,"column":null}},"loc":{"start":{"line":10,"column":34},"end":{"line":11,"column":5}}},"1":{"name":"(anonymous_4)","decl":{"start":{"line":13,"column":2},"end":{"line":13,"column":7}},"loc":{"start":{"line":13,"column":48},"end":{"line":25,"column":3}}},"2":{"name":"(anonymous_5)","decl":{"start":{"line":27,"column":2},"end":{"line":27,"column":7}},"loc":{"start":{"line":27,"column":42},"end":{"line":37,"column":3}}}},"branchMap":{"0":{"loc":{"start":{"line":16,"column":4},"end":{"line":16,"column":34}},"type":"if","locations":[{"start":{"line":16,"column":4},"end":{"line":16,"column":34}}]},"1":{"loc":{"start":{"line":20,"column":4},"end":{"line":23,"column":null}},"type":"if","locations":[{"start":{"line":20,"column":4},"end":{"line":23,"column":null}}]},"2":{"loc":{"start":{"line":29,"column":4},"end":{"line":33,"column":null}},"type":"if","locations":[{"start":{"line":29,"column":4},"end":{"line":33,"column":null}},{"start":{"line":31,"column":9},"end":{"line":33,"column":null}}]}},"s":{"0":2,"1":2,"2":2,"3":2,"4":2,"5":10,"6":10,"7":2,"8":2,"9":1,"10":1,"11":1,"12":0,"13":0,"14":0,"15":1,"16":2,"17":2,"18":1,"19":1,"20":2,"21":2,"22":2},"f":{"0":10,"1":2,"2":2},"b":{"0":[1],"1":[0],"2":[1,1]}}
,"/home/akhmad.lazuardi/my_project/matrix_project/backend-matrix/src/auth/strategies/jwt.strategy.ts": {"path":"/home/akhmad.lazuardi/my_project/matrix_project/backend-matrix/src/auth/strategies/jwt.strategy.ts","statementMap":{"0":{"start":{"line":1,"column":0},"end":{"line":1,"column":52}},"1":{"start":{"line":2,"column":0},"end":{"line":2,"column":52}},"2":{"start":{"line":3,"column":0},"end":{"line":3,"column":44}},"3":{"start":{"line":4,"column":0},"end":{"line":4,"column":44}},"4":{"start":{"line":8,"column":7},"end":{"line":21,"column":null}},"5":{"start":{"line":10,"column":4},"end":{"line":14,"column":7}},"6":{"start":{"line":19,"column":4},"end":{"line":19,"column":63}},"7":{"start":{"line":8,"column":13},"end":{"line":21,"column":null}},"8":{"start":{"line":8,"column":13},"end":{"line":8,"column":24}}},"fnMap":{"0":{"name":"(anonymous_2)","decl":{"start":{"line":9,"column":2},"end":{"line":9,"column":null}},"loc":{"start":{"line":9,"column":2},"end":{"line":15,"column":3}}},"1":{"name":"(anonymous_3)","decl":{"start":{"line":17,"column":2},"end":{"line":17,"column":7}},"loc":{"start":{"line":17,"column":29},"end":{"line":20,"column":3}}}},"branchMap":{},"s":{"0":0,"1":0,"2":0,"3":0,"4":0,"5":0,"6":0,"7":0,"8":0},"f":{"0":0,"1":0},"b":{}}
,"/home/akhmad.lazuardi/my_project/matrix_project/backend-matrix/src/auth/strategies/local.strategy.ts": {"path":"/home/akhmad.lazuardi/my_project/matrix_project/backend-matrix/src/auth/strategies/local.strategy.ts","statementMap":{"0":{"start":{"line":1,"column":0},"end":{"line":1,"column":42}},"1":{"start":{"line":2,"column":0},"end":{"line":2,"column":52}},"2":{"start":{"line":3,"column":0},"end":{"line":3,"column":67}},"3":{"start":{"line":4,"column":0},"end":{"line":4,"column":60}},"4":{"start":{"line":8,"column":7},"end":{"line":21,"column":null}},"5":{"start":{"line":10,"column":4},"end":{"line":10,"column":12}},"6":{"start":{"line":9,"column":22},"end":{"line":9,"column":35}},"7":{"start":{"line":14,"column":17},"end":{"line":14,"column":72}},"8":{"start":{"line":16,"column":4},"end":{"line":18,"column":null}},"9":{"start":{"line":17,"column":6},"end":{"line":17,"column":40}},"10":{"start":{"line":19,"column":4},"end":{"line":19,"column":16}},"11":{"start":{"line":8,"column":13},"end":{"line":21,"column":null}},"12":{"start":{"line":8,"column":13},"end":{"line":8,"column":26}}},"fnMap":{"0":{"name":"(anonymous_2)","decl":{"start":{"line":9,"column":2},"end":{"line":9,"column":22}},"loc":{"start":{"line":9,"column":46},"end":{"line":11,"column":3}}},"1":{"name":"(anonymous_3)","decl":{"start":{"line":13,"column":2},"end":{"line":13,"column":7}},"loc":{"start":{"line":13,"column":51},"end":{"line":20,"column":3}}}},"branchMap":{"0":{"loc":{"start":{"line":16,"column":4},"end":{"line":18,"column":null}},"type":"if","locations":[{"start":{"line":16,"column":4},"end":{"line":18,"column":null}}]}},"s":{"0":0,"1":0,"2":0,"3":0,"4":0,"5":0,"6":0,"7":0,"8":0,"9":0,"10":0,"11":0,"12":0},"f":{"0":0,"1":0},"b":{"0":[0]}}
,"/home/akhmad.lazuardi/my_project/matrix_project/backend-matrix/src/entities/index.ts": {"path":"/home/akhmad.lazuardi/my_project/matrix_project/backend-matrix/src/entities/index.ts","statementMap":{"0":{"start":{"line":1,"column":0},"end":{"line":1,"column":9}},"1":{"start":{"line":5,"column":8},"end":{"line":1,"column":37}},"2":{"start":{"line":4,"column":17},"end":{"line":4,"column":24}},"3":{"start":{"line":6,"column":0},"end":{"line":6,"column":24}}},"fnMap":{"0":{"name":"(anonymous_0)","decl":{"start":{"line":5,"column":8},"end":{"line":5,"column":12}},"loc":{"start":{"line":5,"column":8},"end":{"line":1,"column":37}}}},"branchMap":{},"s":{"0":4,"1":16,"2":4,"3":4},"f":{"0":12},"b":{}}
,"/home/akhmad.lazuardi/my_project/matrix_project/backend-matrix/src/entities/user.entity.ts": {"path":"/home/akhmad.lazuardi/my_project/matrix_project/backend-matrix/src/entities/user.entity.ts","statementMap":{"0":{"start":{"line":1,"column":0},"end":{"line":1,"column":79}},"1":{"start":{"line":5,"column":7},"end":{"line":23,"column":null}},"2":{"start":{"line":6,"column":2},"end":{"line":9,"column":null}},"3":{"start":{"line":11,"column":2},"end":{"line":16,"column":null}},"4":{"start":{"line":18,"column":2},"end":{"line":22,"column":null}},"5":{"start":{"line":5,"column":13},"end":{"line":23,"column":null}},"6":{"start":{"line":5,"column":13},"end":{"line":5,"column":17}}},"fnMap":{},"branchMap":{},"s":{"0":4,"1":4,"2":4,"3":4,"4":4,"5":4,"6":4},"f":{},"b":{}}
,"/home/akhmad.lazuardi/my_project/matrix_project/backend-matrix/src/helpers/solver.helper.ts": {"path":"/home/akhmad.lazuardi/my_project/matrix_project/backend-matrix/src/helpers/solver.helper.ts","statementMap":{"0":{"start":{"line":1,"column":0},"end":{"line":1,"column":24}},"1":{"start":{"line":3,"column":16},"end":{"line":3,"column":20}},"2":{"start":{"line":4,"column":15},"end":{"line":4,"column":19}},"3":{"start":{"line":5,"column":2},"end":{"line":24,"column":null}},"4":{"start":{"line":5,"column":20},"end":{"line":5,"column":21}},"5":{"start":{"line":6,"column":4},"end":{"line":23,"column":null}},"6":{"start":{"line":6,"column":22},"end":{"line":6,"column":23}},"7":{"start":{"line":7,"column":6},"end":{"line":14,"column":null}},"8":{"start":{"line":8,"column":8},"end":{"line":12,"column":null}},"9":{"start":{"line":13,"column":8},"end":{"line":13,"column":13}},"10":{"start":{"line":15,"column":6},"end":{"line":21,"column":null}},"11":{"start":{"line":16,"column":8},"end":{"line":20,"column":null}},"12":{"start":{"line":22,"column":6},"end":{"line":22,"column":null}},"13":{"start":{"line":26,"column":2},"end":{"line":32,"column":null}},"14":{"start":{"line":27,"column":4},"end":{"line":31,"column":null}},"15":{"start":{"line":33,"column":2},"end":{"line":33,"column":null}},"16":{"start":{"line":34,"column":2},"end":{"line":34,"column":null}},"17":{"start":{"line":2,"column":0},"end":{"line":2,"column":16}},"18":{"start":{"line":38,"column":15},"end":{"line":38,"column":35}},"19":{"start":{"line":39,"column":17},"end":{"line":39,"column":27}},"20":{"start":{"line":40,"column":19},"end":{"line":40,"column":144}},"21":{"start":{"line":42,"column":15},"end":{"line":48,"column":null}},"22":{"start":{"line":50,"column":2},"end":{"line":52,"column":null}},"23":{"start":{"line":51,"column":4},"end":{"line":51,"column":23}},"24":{"start":{"line":51,"column":13},"end":{"line":51,"column":23}}},"fnMap":{"0":{"name":"findNumber","decl":{"start":{"line":2,"column":16},"end":{"line":2,"column":26}},"loc":{"start":{"line":2,"column":55},"end":{"line":35,"column":1}}},"1":{"name":"createJsonFile","decl":{"start":{"line":37,"column":9},"end":{"line":37,"column":23}},"loc":{"start":{"line":37,"column":46},"end":{"line":53,"column":1}}},"2":{"name":"(anonymous_2)","decl":{"start":{"line":50,"column":65},"end":{"line":50,"column":74}},"loc":{"start":{"line":50,"column":77},"end":{"line":52,"column":3}}}},"branchMap":{"0":{"loc":{"start":{"line":7,"column":6},"end":{"line":14,"column":null}},"type":"if","locations":[{"start":{"line":7,"column":6},"end":{"line":14,"column":null}}]},"1":{"loc":{"start":{"line":7,"column":10},"end":{"line":7,"column":61}},"type":"binary-expr","locations":[{"start":{"line":7,"column":10},"end":{"line":7,"column":25}},{"start":{"line":7,"column":29},"end":{"line":7,"column":61}}]},"2":{"loc":{"start":{"line":15,"column":6},"end":{"line":21,"column":null}},"type":"if","locations":[{"start":{"line":15,"column":6},"end":{"line":21,"column":null}}]},"3":{"loc":{"start":{"line":26,"column":2},"end":{"line":32,"column":null}},"type":"if","locations":[{"start":{"line":26,"column":2},"end":{"line":32,"column":null}}]},"4":{"loc":{"start":{"line":51,"column":4},"end":{"line":51,"column":23}},"type":"if","locations":[{"start":{"line":51,"column":4},"end":{"line":51,"column":23}}]}},"s":{"0":1,"1":3,"2":3,"3":3,"4":3,"5":9,"6":9,"7":33,"8":1,"9":1,"10":32,"11":1,"12":32,"13":3,"14":1,"15":3,"16":3,"17":1,"18":3,"19":3,"20":3,"21":3,"22":3,"23":0,"24":0},"f":{"0":3,"1":3,"2":0},"b":{"0":[1],"1":[33,30],"2":[1],"3":[1],"4":[0]}}
,"/home/akhmad.lazuardi/my_project/matrix_project/backend-matrix/src/users/users.module.ts": {"path":"/home/akhmad.lazuardi/my_project/matrix_project/backend-matrix/src/users/users.module.ts","statementMap":{"0":{"start":{"line":1,"column":0},"end":{"line":1,"column":40}},"1":{"start":{"line":2,"column":0},"end":{"line":2,"column":71}},"2":{"start":{"line":3,"column":0},"end":{"line":3,"column":62}},"3":{"start":{"line":4,"column":0},"end":{"line":4,"column":48}},"4":{"start":{"line":5,"column":0},"end":{"line":5,"column":35}},"5":{"start":{"line":13,"column":7},"end":{"line":13,"column":null}},"6":{"start":{"line":13,"column":13},"end":{"line":13,"column":null}},"7":{"start":{"line":13,"column":13},"end":{"line":13,"column":24}}},"fnMap":{},"branchMap":{},"s":{"0":0,"1":0,"2":0,"3":0,"4":0,"5":0,"6":0,"7":0},"f":{},"b":{}}
,"/home/akhmad.lazuardi/my_project/matrix_project/backend-matrix/src/users/controllers/users/users.controller.ts": {"path":"/home/akhmad.lazuardi/my_project/matrix_project/backend-matrix/src/users/controllers/users/users.controller.ts","statementMap":{"0":{"start":{"line":1,"column":0},"end":{"line":1,"column":129}},"1":{"start":{"line":2,"column":0},"end":{"line":2,"column":54}},"2":{"start":{"line":3,"column":0},"end":{"line":3,"column":66}},"3":{"start":{"line":6,"column":7},"end":{"line":21,"column":null}},"4":{"start":{"line":7,"column":31},"end":{"line":7,"column":44}},"5":{"start":{"line":12,"column":25},"end":{"line":12,"column":80}},"6":{"start":{"line":13,"column":4},"end":{"line":15,"column":null}},"7":{"start":{"line":14,"column":6},"end":{"line":14,"column":59}},"8":{"start":{"line":16,"column":4},"end":{"line":16,"column":47}},"9":{"start":{"line":17,"column":4},"end":{"line":19,"column":null}},"10":{"start":{"line":11,"column":8},"end":{"line":20,"column":null}},"11":{"start":{"line":6,"column":13},"end":{"line":21,"column":null}},"12":{"start":{"line":6,"column":13},"end":{"line":6,"column":28}}},"fnMap":{"0":{"name":"(anonymous_4)","decl":{"start":{"line":7,"column":2},"end":{"line":7,"column":31}},"loc":{"start":{"line":7,"column":56},"end":{"line":7,"column":60}}},"1":{"name":"(anonymous_5)","decl":{"start":{"line":11,"column":2},"end":{"line":11,"column":7}},"loc":{"start":{"line":11,"column":56},"end":{"line":20,"column":3}}}},"branchMap":{"0":{"loc":{"start":{"line":13,"column":4},"end":{"line":15,"column":null}},"type":"if","locations":[{"start":{"line":13,"column":4},"end":{"line":15,"column":null}}]}},"s":{"0":1,"1":1,"2":1,"3":1,"4":4,"5":2,"6":2,"7":1,"8":1,"9":1,"10":1,"11":1,"12":1},"f":{"0":4,"1":2},"b":{"0":[1]}}
,"/home/akhmad.lazuardi/my_project/matrix_project/backend-matrix/src/users/dtos/users.dtos.ts": {"path":"/home/akhmad.lazuardi/my_project/matrix_project/backend-matrix/src/users/dtos/users.dtos.ts","statementMap":{"0":{"start":{"line":1,"column":0},"end":{"line":1,"column":65}},"1":{"start":{"line":8,"column":2},"end":{"line":10,"column":null}},"2":{"start":{"line":12,"column":2},"end":{"line":14,"column":null}},"3":{"start":{"line":3,"column":0},"end":{"line":3,"column":13}}},"fnMap":{},"branchMap":{},"s":{"0":1,"1":1,"2":1,"3":1},"f":{},"b":{}}
,"/home/akhmad.lazuardi/my_project/matrix_project/backend-matrix/src/users/services/users/users.service.ts": {"path":"/home/akhmad.lazuardi/my_project/matrix_project/backend-matrix/src/users/services/users/users.service.ts","statementMap":{"0":{"start":{"line":1,"column":0},"end":{"line":1,"column":44}},"1":{"start":{"line":2,"column":0},"end":{"line":2,"column":51}},"2":{"start":{"line":3,"column":0},"end":{"line":3,"column":47}},"3":{"start":{"line":4,"column":0},"end":{"line":4,"column":37}},"4":{"start":{"line":6,"column":0},"end":{"line":6,"column":32}},"5":{"start":{"line":8,"column":7},"end":{"line":25,"column":null}},"6":{"start":{"line":10,"column":45},"end":{"line":10,"column":61}},"7":{"start":{"line":14,"column":18},"end":{"line":14,"column":63}},"8":{"start":{"line":15,"column":4},"end":{"line":15,"column":null}},"9":{"start":{"line":17,"column":20},"end":{"line":17,"column":61}},"10":{"start":{"line":19,"column":4},"end":{"line":19,"column":45}},"11":{"start":{"line":23,"column":4},"end":{"line":23,"column":null}},"12":{"start":{"line":8,"column":13},"end":{"line":25,"column":null}},"13":{"start":{"line":8,"column":13},"end":{"line":8,"column":25}}},"fnMap":{"0":{"name":"(anonymous_4)","decl":{"start":{"line":9,"column":2},"end":{"line":9,"column":null}},"loc":{"start":{"line":10,"column":77},"end":{"line":11,"column":6}}},"1":{"name":"(anonymous_5)","decl":{"start":{"line":13,"column":2},"end":{"line":13,"column":7}},"loc":{"start":{"line":13,"column":47},"end":{"line":20,"column":3}}},"2":{"name":"(anonymous_6)","decl":{"start":{"line":22,"column":2},"end":{"line":22,"column":13}},"loc":{"start":{"line":22,"column":27},"end":{"line":24,"column":3}}}},"branchMap":{},"s":{"0":4,"1":4,"2":4,"3":4,"4":4,"5":4,"6":8,"7":1,"8":1,"9":1,"10":1,"11":1,"12":4,"13":4},"f":{"0":8,"1":1,"2":1},"b":{}}
}
